#-----------------------------------------------------------
# Vivado v2016.2 (64-bit)
# SW Build 1577090 on Thu Jun  2 16:32:40 MDT 2016
# IP Build 1577682 on Fri Jun  3 12:00:54 MDT 2016
# Start of session at: Sat Jan 11 18:34:55 2020
# Process ID: 7688
# Current directory: C:/Users/031-17-0027/Documents/Digital System Design/2bitAdder
# Command line: vivado.exe -gui_launcher_event rodinguilauncherevent7980 C:\Users\031-17-0027\Documents\Digital System Design\2bitAdder\2bitAdder.xpr
# Log file: C:/Users/031-17-0027/Documents/Digital System Design/2bitAdder/vivado.log
# Journal file: C:/Users/031-17-0027/Documents/Digital System Design/2bitAdder\vivado.jou
#-----------------------------------------------------------
start_gui
open_project {C:/Users/031-17-0027/Documents/Digital System Design/2bitAdder/2bitAdder.xpr}
Scanning sources...
Finished scanning sources
INFO: [IP_Flow 19-234] Refreshing IP repositories
INFO: [IP_Flow 19-1704] No user IP repositories specified
INFO: [IP_Flow 19-2313] Loaded Vivado IP repository 'C:/Xilinx/Vivado/2016.2/data/ip'.
update_compile_order -fileset sources_1
exit
INFO: [Common 17-206] Exiting Vivado at Sat Jan 11 18:35:15 2020...
